<?xml version="1.0" encoding="UTF-8"?>
<!-- Generated by org.testng.reporters.JUnitReportReporter -->
<testsuite skipped="0" hostname="DESKTOP-7O9TFMS" name="com.auto.utility.ExtentReportDemo" tests="1" failures="0" timestamp="2021-02-08T00:13:13 IST" time="0.694" errors="0">
  <testcase name="loginTest" time="0.694" classname="com.auto.utility.ExtentReportDemo"/>
  <system-out/>
</testsuite> <!-- com.auto.utility.ExtentReportDemo -->
