<?xml version="1.0" encoding="UTF-8"?>
<!-- Generated by org.testng.reporters.JUnitReportReporter -->
<testsuite skipped="0" hostname="DESKTOP-7O9TFMS" name="com.auto.testcases.Login_TC_1" tests="1" failures="0" timestamp="2021-02-08T11:35:19 IST" time="15.923" errors="0">
  <testcase name="loginTest" time="15.923" classname="com.auto.testcases.Login_TC_1"/>
  <system-out/>
</testsuite> <!-- com.auto.testcases.Login_TC_1 -->
